<?xml version="1.0" encoding="UTF-8"?>
<testsuite name="ClientText" tests="3" skipped="0" failures="0" errors="0" timestamp="2020-10-23T09:51:05" hostname="LAPTOP-FC7EDVA5" time="0.032">
  <properties/>
  <testcase name="注册" classname="ClientText" time="0.029"/>
  <testcase name="登陆" classname="ClientText" time="0.001"/>
  <testcase name="上线" classname="ClientText" time="0.001"/>
  <system-out><![CDATA[]]></system-out>
  <system-err><![CDATA[]]></system-err>
</testsuite>
